{"C:\\Users\\Administrador\\Desktop\\vitest-pg\\src\\clase16\\files\\calculator.ts": {"path":"C:\\Users\\Administrador\\Desktop\\vitest-pg\\src\\clase16\\files\\calculator.ts","all":false,"statementMap":{"0":{"start":{"line":1,"column":0},"end":{"line":1,"column":20}},"1":{"start":{"line":2,"column":0},"end":{"line":2,"column":50}},"2":{"start":{"line":3,"column":0},"end":{"line":3,"column":21}},"3":{"start":{"line":4,"column":0},"end":{"line":4,"column":6}},"4":{"start":{"line":5,"column":0},"end":{"line":5,"column":0}},"5":{"start":{"line":6,"column":0},"end":{"line":6,"column":55}},"6":{"start":{"line":7,"column":0},"end":{"line":7,"column":21}},"7":{"start":{"line":8,"column":0},"end":{"line":8,"column":6}},"8":{"start":{"line":9,"column":0},"end":{"line":9,"column":0}},"9":{"start":{"line":10,"column":0},"end":{"line":10,"column":55}},"10":{"start":{"line":11,"column":0},"end":{"line":11,"column":21}},"11":{"start":{"line":12,"column":0},"end":{"line":12,"column":6}},"12":{"start":{"line":13,"column":0},"end":{"line":13,"column":0}},"13":{"start":{"line":14,"column":0},"end":{"line":14,"column":53}},"14":{"start":{"line":15,"column":0},"end":{"line":15,"column":21}},"15":{"start":{"line":16,"column":0},"end":{"line":16,"column":6}},"16":{"start":{"line":17,"column":0},"end":{"line":17,"column":2}},"17":{"start":{"line":18,"column":0},"end":{"line":18,"column":0}},"18":{"start":{"line":19,"column":0},"end":{"line":19,"column":26}}},"s":{"0":1,"1":1,"2":0,"3":0,"4":1,"5":1,"6":0,"7":0,"8":1,"9":1,"10":0,"11":0,"12":1,"13":1,"14":0,"15":0,"16":1,"17":1,"18":1},"branchMap":{},"b":{},"fnMap":{"0":{"name":"add","decl":{"start":{"line":2,"column":9},"end":{"line":4,"column":6}},"loc":{"start":{"line":2,"column":9},"end":{"line":4,"column":6}},"line":2},"1":{"name":"subtract","decl":{"start":{"line":6,"column":14},"end":{"line":8,"column":6}},"loc":{"start":{"line":6,"column":14},"end":{"line":8,"column":6}},"line":6},"2":{"name":"multiply","decl":{"start":{"line":10,"column":14},"end":{"line":12,"column":6}},"loc":{"start":{"line":10,"column":14},"end":{"line":12,"column":6}},"line":10},"3":{"name":"divide","decl":{"start":{"line":14,"column":12},"end":{"line":16,"column":6}},"loc":{"start":{"line":14,"column":12},"end":{"line":16,"column":6}},"line":14}},"f":{"0":0,"1":0,"2":0,"3":0}}
,"C:\\Users\\Administrador\\Desktop\\vitest-pg\\src\\clase16\\files\\dummy.ts": {"path":"C:\\Users\\Administrador\\Desktop\\vitest-pg\\src\\clase16\\files\\dummy.ts","all":false,"statementMap":{"0":{"start":{"line":1,"column":0},"end":{"line":1,"column":79}},"1":{"start":{"line":2,"column":0},"end":{"line":2,"column":41}},"2":{"start":{"line":3,"column":0},"end":{"line":3,"column":1}},"3":{"start":{"line":4,"column":0},"end":{"line":4,"column":0}},"4":{"start":{"line":5,"column":0},"end":{"line":5,"column":21}}},"s":{"0":1,"1":2,"2":2,"3":1,"4":1},"branchMap":{"0":{"type":"branch","line":1,"loc":{"start":{"line":1,"column":14},"end":{"line":3,"column":1}},"locations":[{"start":{"line":1,"column":14},"end":{"line":3,"column":1}}]},"1":{"type":"branch","line":2,"loc":{"start":{"line":2,"column":30},"end":{"line":2,"column":41}},"locations":[{"start":{"line":2,"column":30},"end":{"line":2,"column":41}}]}},"b":{"0":[2],"1":[1]},"fnMap":{"0":{"name":"dummy","decl":{"start":{"line":1,"column":14},"end":{"line":3,"column":1}},"loc":{"start":{"line":1,"column":14},"end":{"line":3,"column":1}},"line":1}},"f":{"0":2}}
,"C:\\Users\\Administrador\\Desktop\\vitest-pg\\src\\clase16\\files\\game.ts": {"path":"C:\\Users\\Administrador\\Desktop\\vitest-pg\\src\\clase16\\files\\game.ts","all":false,"statementMap":{"0":{"start":{"line":1,"column":0},"end":{"line":1,"column":32}},"1":{"start":{"line":2,"column":0},"end":{"line":2,"column":12}},"2":{"start":{"line":3,"column":0},"end":{"line":3,"column":14}},"3":{"start":{"line":4,"column":0},"end":{"line":4,"column":13}},"4":{"start":{"line":5,"column":0},"end":{"line":5,"column":33}},"5":{"start":{"line":6,"column":0},"end":{"line":6,"column":5}},"6":{"start":{"line":7,"column":0},"end":{"line":7,"column":1}},"7":{"start":{"line":8,"column":0},"end":{"line":8,"column":0}},"8":{"start":{"line":9,"column":0},"end":{"line":9,"column":20}}},"s":{"0":1,"1":0,"2":0,"3":0,"4":0,"5":0,"6":0,"7":1,"8":1},"branchMap":{},"b":{},"fnMap":{"0":{"name":"game","decl":{"start":{"line":1,"column":13},"end":{"line":7,"column":1}},"loc":{"start":{"line":1,"column":13},"end":{"line":7,"column":1}},"line":1}},"f":{"0":0}}
}
